<?xml version="1.0" encoding="UTF-8"?>
<!-- Generated by org.testng.reporters.JUnitReportReporter -->
<testsuite hostname="shwetamahajan" failures="0" tests="1" name="com.amazon.newreleasepage.NewReleasePage" time="9.685" errors="0" timestamp="04 Mar 2020 06:37:56 GMT" skipped="0">
  <testcase classname="com.amazon.newreleasepage.NewReleasePage" name="searchProduct" time="9.685"/>
</testsuite> <!-- com.amazon.newreleasepage.NewReleasePage -->
