<?xml version="1.0" encoding="UTF-8"?>
<!-- Generated by org.testng.reporters.JUnitReportReporter -->
<testsuite hostname="shwetamahajan" failures="0" tests="1" name="com.amazon.pages.TodaysDealPage" time="13.878" errors="0" timestamp="09 Mar 2020 07:00:18 GMT" skipped="0">
  <testcase classname="com.amazon.pages.TodaysDealPage" name="getAllDeals" time="13.878"/>
</testsuite> <!-- com.amazon.pages.TodaysDealPage -->
