<?xml version="1.0" encoding="UTF-8"?>
<!-- Generated by org.testng.reporters.JUnitReportReporter -->
<testsuite hostname="shwetamahajan" failures="0" tests="1" name="com.amazon.pages.NewReleasePage" time="13.584" errors="0" timestamp="09 Mar 2020 06:59:33 GMT" skipped="0">
  <testcase classname="com.amazon.pages.NewReleasePage" name="searchProduct" time="13.584"/>
</testsuite> <!-- com.amazon.pages.NewReleasePage -->
