<?xml version="1.0" encoding="UTF-8"?>
<!-- Generated by org.testng.reporters.JUnitReportReporter -->
<testsuite hostname="shwetamahajan" failures="0" tests="1" name="com.amazon.newreleasepage.TodaysDealPage" time="13.275" errors="0" timestamp="04 Mar 2020 11:04:21 GMT" skipped="0">
  <testcase classname="com.amazon.newreleasepage.TodaysDealPage" name="getAllDeals" time="13.275"/>
</testsuite> <!-- com.amazon.newreleasepage.TodaysDealPage -->
